[0m22:54:51.205272 [debug] [MainThread]: Sending event: {'category': 'dbt', 'action': 'invocation', 'label': 'start', 'context': [<snowplow_tracker.self_describing_json.SelfDescribingJson object at 0x7f3c4afbb220>, <snowplow_tracker.self_describing_json.SelfDescribingJson object at 0x7f3c49943cd0>, <snowplow_tracker.self_describing_json.SelfDescribingJson object at 0x7f3c486b3340>]}


============================== 22:54:51.208832 | f54f171b-3153-426f-93fa-812fce67f366 ==============================
[0m22:54:51.208832 [info ] [MainThread]: Running with dbt=1.8.7
[0m22:54:51.209464 [debug] [MainThread]: running dbt with arguments {'printer_width': '80', 'indirect_selection': 'eager', 'log_cache_events': 'False', 'write_json': 'True', 'partial_parse': 'True', 'cache_selected_only': 'False', 'warn_error': 'None', 'version_check': 'True', 'debug': 'False', 'log_path': 'logs', 'fail_fast': 'False', 'profiles_dir': '/home/mahmud/.dbt', 'use_colors': 'True', 'use_experimental_parser': 'False', 'empty': 'None', 'quiet': 'False', 'no_print': 'None', 'log_format': 'default', 'introspect': 'True', 'static_parser': 'True', 'invocation_command': 'dbt init jaffle_shop', 'target_path': 'None', 'warn_error_options': 'WarnErrorOptions(include=[], exclude=[])', 'send_anonymous_usage_stats': 'True'}
[0m22:54:51.218230 [warn ] [MainThread]: [ConfigFolderDirectory]: Unable to parse logging event dictionary. Failed to parse dir field: expected string or bytes-like object.. Dictionary: {'dir': PosixPath('/home/mahmud/.dbt')}
[0m22:54:51.218753 [info ] [MainThread]: Creating dbt configuration folder at 
[0m22:54:51.220104 [debug] [MainThread]: Starter project path: /home/mahmud/dbt-tutorial/.venv/lib/python3.8/site-packages/dbt/include/starter_project
[0m22:54:51.223222 [info ] [MainThread]: 
Your new dbt project "jaffle_shop" was created!

For more information on how to configure the profiles.yml file,
please consult the dbt documentation here:

  https://docs.getdbt.com/docs/configure-your-profile

One more thing:

Need help? Don't hesitate to reach out to us via GitHub issues or on Slack:

  https://community.getdbt.com/

Happy modeling!

[0m22:54:51.223803 [info ] [MainThread]: Setting up your profile.
[0m09:52:59.284414 [info ] [MainThread]: Profile jaffle_shop written to /home/mahmud/.dbt/profiles.yml using target's profile_template.yml and your supplied values. Run 'dbt debug' to validate the connection.
[0m09:52:59.592658 [debug] [MainThread]: Resource report: {"command_name": "init", "command_success": true, "command_wall_clock_time": 9833.182, "process_user_time": 4.641897, "process_kernel_time": 1.689453, "process_mem_max_rss": "201384", "process_in_blocks": "248", "process_out_blocks": "80"}
[0m09:52:59.697584 [debug] [MainThread]: Command `dbt init` succeeded at 09:52:59.679210 after 9833.29 seconds
[0m09:52:59.724765 [debug] [MainThread]: Sending event: {'category': 'dbt', 'action': 'invocation', 'label': 'end', 'context': [<snowplow_tracker.self_describing_json.SelfDescribingJson object at 0x7f3c4afbb220>, <snowplow_tracker.self_describing_json.SelfDescribingJson object at 0x7f3c486e2be0>, <snowplow_tracker.self_describing_json.SelfDescribingJson object at 0x7f3c486ac4f0>]}
[0m09:52:59.743791 [debug] [MainThread]: Flushing usage events
[0m20:41:46.108013 [debug] [MainThread]: Sending event: {'category': 'dbt', 'action': 'invocation', 'label': 'start', 'context': [<snowplow_tracker.self_describing_json.SelfDescribingJson object at 0x7effcab6c190>, <snowplow_tracker.self_describing_json.SelfDescribingJson object at 0x7effc882fac0>, <snowplow_tracker.self_describing_json.SelfDescribingJson object at 0x7effc82baa00>]}


============================== 20:41:46.116615 | ba9a7457-5cdc-485b-8b69-d267d81b6ae7 ==============================
[0m20:41:46.116615 [info ] [MainThread]: Running with dbt=1.8.7
[0m20:41:46.118028 [debug] [MainThread]: running dbt with arguments {'printer_width': '80', 'indirect_selection': 'eager', 'log_cache_events': 'False', 'write_json': 'True', 'partial_parse': 'True', 'cache_selected_only': 'False', 'profiles_dir': '/home/mahmud/.dbt', 'debug': 'False', 'fail_fast': 'False', 'log_path': 'logs', 'warn_error': 'None', 'version_check': 'True', 'use_colors': 'True', 'use_experimental_parser': 'False', 'empty': 'None', 'quiet': 'False', 'no_print': 'None', 'warn_error_options': 'WarnErrorOptions(include=[], exclude=[])', 'invocation_command': 'dbt debug', 'static_parser': 'True', 'log_format': 'default', 'target_path': 'None', 'introspect': 'True', 'send_anonymous_usage_stats': 'True'}
[0m20:41:46.145693 [info ] [MainThread]: dbt version: 1.8.7
[0m20:41:46.146495 [info ] [MainThread]: python version: 3.8.10
[0m20:41:46.147116 [info ] [MainThread]: python path: /home/mahmud/dbt-tutorial/.venv/bin/python3
[0m20:41:46.148530 [info ] [MainThread]: os info: Linux-5.10.102.1-microsoft-standard-WSL2-x86_64-with-glibc2.29
[0m20:41:48.541806 [info ] [MainThread]: Using profiles dir at /home/mahmud/.dbt
[0m20:41:48.542503 [info ] [MainThread]: Using profiles.yml file at /home/mahmud/.dbt/profiles.yml
[0m20:41:48.543107 [info ] [MainThread]: Using dbt_project.yml file at /home/mahmud/dbt-tutorial/dbt_project.yml
[0m20:41:48.543770 [info ] [MainThread]: adapter type: bigquery
[0m20:41:48.544229 [info ] [MainThread]: adapter version: 1.8.2
[0m20:41:48.544918 [info ] [MainThread]: Configuration:
[0m20:41:48.545509 [info ] [MainThread]:   profiles.yml file [[32mOK found and valid[0m]
[0m20:41:48.546051 [info ] [MainThread]:   dbt_project.yml file [[31mERROR not found[0m]
[0m20:41:48.546664 [info ] [MainThread]: Required dependencies:
[0m20:41:48.547310 [debug] [MainThread]: Executing "git --help"
[0m20:41:48.555817 [debug] [MainThread]: STDOUT: "b"usage: git [--version] [--help] [-C <path>] [-c <name>=<value>]\n           [--exec-path[=<path>]] [--html-path] [--man-path] [--info-path]\n           [-p | --paginate | -P | --no-pager] [--no-replace-objects] [--bare]\n           [--git-dir=<path>] [--work-tree=<path>] [--namespace=<name>]\n           <command> [<args>]\n\nThese are common Git commands used in various situations:\n\nstart a working area (see also: git help tutorial)\n   clone             Clone a repository into a new directory\n   init              Create an empty Git repository or reinitialize an existing one\n\nwork on the current change (see also: git help everyday)\n   add               Add file contents to the index\n   mv                Move or rename a file, a directory, or a symlink\n   restore           Restore working tree files\n   rm                Remove files from the working tree and from the index\n   sparse-checkout   Initialize and modify the sparse-checkout\n\nexamine the history and state (see also: git help revisions)\n   bisect            Use binary search to find the commit that introduced a bug\n   diff              Show changes between commits, commit and working tree, etc\n   grep              Print lines matching a pattern\n   log               Show commit logs\n   show              Show various types of objects\n   status            Show the working tree status\n\ngrow, mark and tweak your common history\n   branch            List, create, or delete branches\n   commit            Record changes to the repository\n   merge             Join two or more development histories together\n   rebase            Reapply commits on top of another base tip\n   reset             Reset current HEAD to the specified state\n   switch            Switch branches\n   tag               Create, list, delete or verify a tag object signed with GPG\n\ncollaborate (see also: git help workflows)\n   fetch             Download objects and refs from another repository\n   pull              Fetch from and integrate with another repository or a local branch\n   push              Update remote refs along with associated objects\n\n'git help -a' and 'git help -g' list available subcommands and some\nconcept guides. See 'git help <command>' or 'git help <concept>'\nto read about a specific subcommand or concept.\nSee 'git help git' for an overview of the system.\n""
[0m20:41:48.556955 [debug] [MainThread]: STDERR: "b''"
[0m20:41:48.557523 [info ] [MainThread]:  - git [[32mOK found[0m]

[0m20:41:48.558179 [info ] [MainThread]: Connection:
[0m20:41:48.558918 [info ] [MainThread]:   method: service-account
[0m20:41:48.559911 [info ] [MainThread]:   database: mydatawarehouseproject
[0m20:41:48.560731 [info ] [MainThread]:   execution_project: mydatawarehouseproject
[0m20:41:48.561399 [info ] [MainThread]:   schema: jaffle_shop
[0m20:41:48.562051 [info ] [MainThread]:   location: US
[0m20:41:48.562882 [info ] [MainThread]:   priority: interactive
[0m20:41:48.563824 [info ] [MainThread]:   maximum_bytes_billed: None
[0m20:41:48.564376 [info ] [MainThread]:   impersonate_service_account: None
[0m20:41:48.564855 [info ] [MainThread]:   job_retry_deadline_seconds: None
[0m20:41:48.565281 [info ] [MainThread]:   job_retries: 1
[0m20:41:48.565750 [info ] [MainThread]:   job_creation_timeout_seconds: None
[0m20:41:48.566226 [info ] [MainThread]:   job_execution_timeout_seconds: 60
[0m20:41:48.566732 [info ] [MainThread]:   timeout_seconds: 60
[0m20:41:48.567164 [info ] [MainThread]:   client_id: None
[0m20:41:48.567599 [info ] [MainThread]:   token_uri: None
[0m20:41:48.568028 [info ] [MainThread]:   dataproc_region: None
[0m20:41:48.568442 [info ] [MainThread]:   dataproc_cluster_name: None
[0m20:41:48.569177 [info ] [MainThread]:   gcs_bucket: None
[0m20:41:48.569842 [info ] [MainThread]:   dataproc_batch: None
[0m20:41:48.570978 [info ] [MainThread]: Registered adapter: bigquery=1.8.2
[0m20:41:48.586339 [debug] [MainThread]: Acquiring new bigquery connection 'debug'
[0m20:41:48.587334 [debug] [MainThread]: Opening a new connection, currently in state init
[0m20:41:48.588026 [debug] [MainThread]: BigQuery adapter: Got an error when attempting to create a bigquery client: '[Errno 2] No such file or directory: 'mydatawarehouseproject-45800c431e29.json''
[0m20:41:48.588663 [info ] [MainThread]:   Connection test: [[31mERROR[0m]

[0m20:41:48.589357 [info ] [MainThread]: [31m2 checks failed:[0m
[0m20:41:48.590004 [info ] [MainThread]: Project loading failed for the following reason:
 project path </home/mahmud/dbt-tutorial/dbt_project.yml> not found

[0m20:41:48.590796 [info ] [MainThread]: dbt was unable to connect to the specified database.
The database returned the following error:

  >Database Error
  [Errno 2] No such file or directory: 'mydatawarehouseproject-45800c431e29.json'

Check your database credentials and try again. For more information, visit:
https://docs.getdbt.com/docs/configure-your-profile


[0m20:41:48.604449 [debug] [MainThread]: Resource report: {"command_name": "debug", "command_wall_clock_time": 2.618603, "process_user_time": 3.469755, "process_kernel_time": 1.090791, "process_mem_max_rss": "200736", "process_in_blocks": "199376", "process_out_blocks": "32", "command_success": false}
[0m20:41:48.605751 [debug] [MainThread]: Command `dbt debug` failed at 20:41:48.605518 after 2.62 seconds
[0m20:41:48.606332 [debug] [MainThread]: Connection 'debug' was properly closed.
[0m20:41:48.606927 [debug] [MainThread]: Sending event: {'category': 'dbt', 'action': 'invocation', 'label': 'end', 'context': [<snowplow_tracker.self_describing_json.SelfDescribingJson object at 0x7effcab6c190>, <snowplow_tracker.self_describing_json.SelfDescribingJson object at 0x7effa9d68160>, <snowplow_tracker.self_describing_json.SelfDescribingJson object at 0x7effa9d68a60>]}
[0m20:41:48.607545 [debug] [MainThread]: Flushing usage events
